[2021-02-23 15:47:21] app.INFO: Exporting mail with theme modern for language English (English) [] []
[2021-02-23 15:47:21] app.INFO: Core output folder: C:\xampp\htdocs\prestashop\apps\prestashop\htdocs/mails [] []
[2021-02-23 15:47:21] app.INFO: Modules output folder: C:\xampp\htdocs\prestashop\apps\prestashop\htdocs/modules/ [] []
[2021-02-23 15:47:22] app.INFO: Generate html template account at C:\xampp\htdocs\prestashop\apps\prestashop\htdocs/mails\en\account.html [] []
[2021-02-23 15:47:22] app.INFO: Generate txt template account at C:\xampp\htdocs\prestashop\apps\prestashop\htdocs/mails\en\account.txt [] []
[2021-02-23 15:47:22] app.INFO: Generate html template backoffice_order at C:\xampp\htdocs\prestashop\apps\prestashop\htdocs/mails\en\backoffice_order.html [] []
[2021-02-23 15:47:22] app.INFO: Generate txt template backoffice_order at C:\xampp\htdocs\prestashop\apps\prestashop\htdocs/mails\en\backoffice_order.txt [] []
[2021-02-23 15:47:22] app.INFO: Generate html template bankwire at C:\xampp\htdocs\prestashop\apps\prestashop\htdocs/mails\en\bankwire.html [] []
[2021-02-23 15:47:22] app.INFO: Generate txt template bankwire at C:\xampp\htdocs\prestashop\apps\prestashop\htdocs/mails\en\bankwire.txt [] []
[2021-02-23 15:47:22] app.INFO: Generate html template cheque at C:\xampp\htdocs\prestashop\apps\prestashop\htdocs/mails\en\cheque.html [] []
[2021-02-23 15:47:22] app.INFO: Generate txt template cheque at C:\xampp\htdocs\prestashop\apps\prestashop\htdocs/mails\en\cheque.txt [] []
[2021-02-23 15:47:22] app.INFO: Generate html template contact at C:\xampp\htdocs\prestashop\apps\prestashop\htdocs/mails\en\contact.html [] []
[2021-02-23 15:47:22] app.INFO: Generate txt template contact at C:\xampp\htdocs\prestashop\apps\prestashop\htdocs/mails\en\contact.txt [] []
[2021-02-23 15:47:23] app.INFO: Generate html template contact_form at C:\xampp\htdocs\prestashop\apps\prestashop\htdocs/mails\en\contact_form.html [] []
[2021-02-23 15:47:23] app.INFO: Generate txt template contact_form at C:\xampp\htdocs\prestashop\apps\prestashop\htdocs/mails\en\contact_form.txt [] []
[2021-02-23 15:47:23] app.INFO: Generate html template credit_slip at C:\xampp\htdocs\prestashop\apps\prestashop\htdocs/mails\en\credit_slip.html [] []
[2021-02-23 15:47:23] app.INFO: Generate txt template credit_slip at C:\xampp\htdocs\prestashop\apps\prestashop\htdocs/mails\en\credit_slip.txt [] []
[2021-02-23 15:47:23] app.INFO: Generate html template download_product at C:\xampp\htdocs\prestashop\apps\prestashop\htdocs/mails\en\download_product.html [] []
[2021-02-23 15:47:23] app.INFO: Generate txt template download_product at C:\xampp\htdocs\prestashop\apps\prestashop\htdocs/mails\en\download_product.txt [] []
[2021-02-23 15:47:23] app.INFO: Generate html template employee_password at C:\xampp\htdocs\prestashop\apps\prestashop\htdocs/mails\en\employee_password.html [] []
[2021-02-23 15:47:23] app.INFO: Generate txt template employee_password at C:\xampp\htdocs\prestashop\apps\prestashop\htdocs/mails\en\employee_password.txt [] []
[2021-02-23 15:47:23] app.INFO: Generate html template forward_msg at C:\xampp\htdocs\prestashop\apps\prestashop\htdocs/mails\en\forward_msg.html [] []
[2021-02-23 15:47:23] app.INFO: Generate txt template forward_msg at C:\xampp\htdocs\prestashop\apps\prestashop\htdocs/mails\en\forward_msg.txt [] []
[2021-02-23 15:47:23] app.INFO: Generate html template guest_to_customer at C:\xampp\htdocs\prestashop\apps\prestashop\htdocs/mails\en\guest_to_customer.html [] []
[2021-02-23 15:47:23] app.INFO: Generate txt template guest_to_customer at C:\xampp\htdocs\prestashop\apps\prestashop\htdocs/mails\en\guest_to_customer.txt [] []
[2021-02-23 15:47:24] app.INFO: Generate html template import at C:\xampp\htdocs\prestashop\apps\prestashop\htdocs/mails\en\import.html [] []
[2021-02-23 15:47:24] app.INFO: Generate txt template import at C:\xampp\htdocs\prestashop\apps\prestashop\htdocs/mails\en\import.txt [] []
[2021-02-23 15:47:24] app.INFO: Generate html template in_transit at C:\xampp\htdocs\prestashop\apps\prestashop\htdocs/mails\en\in_transit.html [] []
[2021-02-23 15:47:24] app.INFO: Generate txt template in_transit at C:\xampp\htdocs\prestashop\apps\prestashop\htdocs/mails\en\in_transit.txt [] []
[2021-02-23 15:47:24] app.INFO: Generate html template log_alert at C:\xampp\htdocs\prestashop\apps\prestashop\htdocs/mails\en\log_alert.html [] []
[2021-02-23 15:47:24] app.INFO: Generate txt template log_alert at C:\xampp\htdocs\prestashop\apps\prestashop\htdocs/mails\en\log_alert.txt [] []
[2021-02-23 15:47:24] app.INFO: Generate html template newsletter at C:\xampp\htdocs\prestashop\apps\prestashop\htdocs/mails\en\newsletter.html [] []
[2021-02-23 15:47:24] app.INFO: Generate txt template newsletter at C:\xampp\htdocs\prestashop\apps\prestashop\htdocs/mails\en\newsletter.txt [] []
[2021-02-23 15:47:24] app.INFO: Generate html template order_canceled at C:\xampp\htdocs\prestashop\apps\prestashop\htdocs/mails\en\order_canceled.html [] []
[2021-02-23 15:47:24] app.INFO: Generate txt template order_canceled at C:\xampp\htdocs\prestashop\apps\prestashop\htdocs/mails\en\order_canceled.txt [] []
[2021-02-23 15:47:24] app.INFO: Generate html template order_changed at C:\xampp\htdocs\prestashop\apps\prestashop\htdocs/mails\en\order_changed.html [] []
[2021-02-23 15:47:24] app.INFO: Generate txt template order_changed at C:\xampp\htdocs\prestashop\apps\prestashop\htdocs/mails\en\order_changed.txt [] []
[2021-02-23 15:47:25] app.INFO: Generate html template order_conf at C:\xampp\htdocs\prestashop\apps\prestashop\htdocs/mails\en\order_conf.html [] []
[2021-02-23 15:47:25] app.INFO: Generate txt template order_conf at C:\xampp\htdocs\prestashop\apps\prestashop\htdocs/mails\en\order_conf.txt [] []
[2021-02-23 15:47:25] app.INFO: Generate html template order_customer_comment at C:\xampp\htdocs\prestashop\apps\prestashop\htdocs/mails\en\order_customer_comment.html [] []
[2021-02-23 15:47:25] app.INFO: Generate txt template order_customer_comment at C:\xampp\htdocs\prestashop\apps\prestashop\htdocs/mails\en\order_customer_comment.txt [] []
[2021-02-23 15:47:25] app.INFO: Generate html template order_merchant_comment at C:\xampp\htdocs\prestashop\apps\prestashop\htdocs/mails\en\order_merchant_comment.html [] []
[2021-02-23 15:47:25] app.INFO: Generate txt template order_merchant_comment at C:\xampp\htdocs\prestashop\apps\prestashop\htdocs/mails\en\order_merchant_comment.txt [] []
[2021-02-23 15:47:25] app.INFO: Generate html template order_return_state at C:\xampp\htdocs\prestashop\apps\prestashop\htdocs/mails\en\order_return_state.html [] []
[2021-02-23 15:47:25] app.INFO: Generate txt template order_return_state at C:\xampp\htdocs\prestashop\apps\prestashop\htdocs/mails\en\order_return_state.txt [] []
[2021-02-23 15:47:25] app.INFO: Generate html template outofstock at C:\xampp\htdocs\prestashop\apps\prestashop\htdocs/mails\en\outofstock.html [] []
[2021-02-23 15:47:25] app.INFO: Generate txt template outofstock at C:\xampp\htdocs\prestashop\apps\prestashop\htdocs/mails\en\outofstock.txt [] []
[2021-02-23 15:47:25] app.INFO: Generate html template password at C:\xampp\htdocs\prestashop\apps\prestashop\htdocs/mails\en\password.html [] []
[2021-02-23 15:47:26] app.INFO: Generate txt template password at C:\xampp\htdocs\prestashop\apps\prestashop\htdocs/mails\en\password.txt [] []
[2021-02-23 15:47:26] app.INFO: Generate html template password_query at C:\xampp\htdocs\prestashop\apps\prestashop\htdocs/mails\en\password_query.html [] []
[2021-02-23 15:47:26] app.INFO: Generate txt template password_query at C:\xampp\htdocs\prestashop\apps\prestashop\htdocs/mails\en\password_query.txt [] []
[2021-02-23 15:47:26] app.INFO: Generate html template payment at C:\xampp\htdocs\prestashop\apps\prestashop\htdocs/mails\en\payment.html [] []
[2021-02-23 15:47:26] app.INFO: Generate txt template payment at C:\xampp\htdocs\prestashop\apps\prestashop\htdocs/mails\en\payment.txt [] []
[2021-02-23 15:47:26] app.INFO: Generate html template payment_error at C:\xampp\htdocs\prestashop\apps\prestashop\htdocs/mails\en\payment_error.html [] []
[2021-02-23 15:47:26] app.INFO: Generate txt template payment_error at C:\xampp\htdocs\prestashop\apps\prestashop\htdocs/mails\en\payment_error.txt [] []
[2021-02-23 15:47:26] app.INFO: Generate html template preparation at C:\xampp\htdocs\prestashop\apps\prestashop\htdocs/mails\en\preparation.html [] []
[2021-02-23 15:47:26] app.INFO: Generate txt template preparation at C:\xampp\htdocs\prestashop\apps\prestashop\htdocs/mails\en\preparation.txt [] []
[2021-02-23 15:47:26] app.INFO: Generate html template productoutofstock at C:\xampp\htdocs\prestashop\apps\prestashop\htdocs/mails\en\productoutofstock.html [] []
[2021-02-23 15:47:26] app.INFO: Generate txt template productoutofstock at C:\xampp\htdocs\prestashop\apps\prestashop\htdocs/mails\en\productoutofstock.txt [] []
[2021-02-23 15:47:26] app.INFO: Generate html template refund at C:\xampp\htdocs\prestashop\apps\prestashop\htdocs/mails\en\refund.html [] []
[2021-02-23 15:47:26] app.INFO: Generate txt template refund at C:\xampp\htdocs\prestashop\apps\prestashop\htdocs/mails\en\refund.txt [] []
[2021-02-23 15:47:27] app.INFO: Generate html template reply_msg at C:\xampp\htdocs\prestashop\apps\prestashop\htdocs/mails\en\reply_msg.html [] []
[2021-02-23 15:47:27] app.INFO: Generate txt template reply_msg at C:\xampp\htdocs\prestashop\apps\prestashop\htdocs/mails\en\reply_msg.txt [] []
[2021-02-23 15:47:27] app.INFO: Generate html template shipped at C:\xampp\htdocs\prestashop\apps\prestashop\htdocs/mails\en\shipped.html [] []
[2021-02-23 15:47:27] app.INFO: Generate txt template shipped at C:\xampp\htdocs\prestashop\apps\prestashop\htdocs/mails\en\shipped.txt [] []
[2021-02-23 15:47:27] app.INFO: Generate html template test at C:\xampp\htdocs\prestashop\apps\prestashop\htdocs/mails\en\test.html [] []
[2021-02-23 15:47:27] app.INFO: Generate txt template test at C:\xampp\htdocs\prestashop\apps\prestashop\htdocs/mails\en\test.txt [] []
[2021-02-23 15:47:27] app.INFO: Generate html template voucher at C:\xampp\htdocs\prestashop\apps\prestashop\htdocs/mails\en\voucher.html [] []
[2021-02-23 15:47:27] app.INFO: Generate txt template voucher at C:\xampp\htdocs\prestashop\apps\prestashop\htdocs/mails\en\voucher.txt [] []
[2021-02-23 15:47:27] app.INFO: Generate html template voucher_new at C:\xampp\htdocs\prestashop\apps\prestashop\htdocs/mails\en\voucher_new.html [] []
[2021-02-23 15:47:27] app.INFO: Generate txt template voucher_new at C:\xampp\htdocs\prestashop\apps\prestashop\htdocs/mails\en\voucher_new.txt [] []
[2021-02-23 15:47:27] app.INFO: Generate html template followup_1 at C:\xampp\htdocs\prestashop\apps\prestashop\htdocs/modules/\followup\mails\en\followup_1.html [] []
[2021-02-23 15:47:27] app.INFO: Generate txt template followup_1 at C:\xampp\htdocs\prestashop\apps\prestashop\htdocs/modules/\followup\mails\en\followup_1.txt [] []
[2021-02-23 15:47:28] app.INFO: Generate html template followup_2 at C:\xampp\htdocs\prestashop\apps\prestashop\htdocs/modules/\followup\mails\en\followup_2.html [] []
[2021-02-23 15:47:28] app.INFO: Generate txt template followup_2 at C:\xampp\htdocs\prestashop\apps\prestashop\htdocs/modules/\followup\mails\en\followup_2.txt [] []
[2021-02-23 15:47:28] app.INFO: Generate html template followup_3 at C:\xampp\htdocs\prestashop\apps\prestashop\htdocs/modules/\followup\mails\en\followup_3.html [] []
[2021-02-23 15:47:28] app.INFO: Generate txt template followup_3 at C:\xampp\htdocs\prestashop\apps\prestashop\htdocs/modules/\followup\mails\en\followup_3.txt [] []
[2021-02-23 15:47:28] app.INFO: Generate html template followup_4 at C:\xampp\htdocs\prestashop\apps\prestashop\htdocs/modules/\followup\mails\en\followup_4.html [] []
[2021-02-23 15:47:28] app.INFO: Generate txt template followup_4 at C:\xampp\htdocs\prestashop\apps\prestashop\htdocs/modules/\followup\mails\en\followup_4.txt [] []
[2021-02-23 15:47:28] app.INFO: Generate html template customer_qty at C:\xampp\htdocs\prestashop\apps\prestashop\htdocs/modules/\ps_emailalerts\mails\en\customer_qty.html [] []
[2021-02-23 15:47:28] app.INFO: Generate txt template customer_qty at C:\xampp\htdocs\prestashop\apps\prestashop\htdocs/modules/\ps_emailalerts\mails\en\customer_qty.txt [] []
[2021-02-23 15:47:28] app.INFO: Generate html template new_order at C:\xampp\htdocs\prestashop\apps\prestashop\htdocs/modules/\ps_emailalerts\mails\en\new_order.html [] []
[2021-02-23 15:47:28] app.INFO: Generate txt template new_order at C:\xampp\htdocs\prestashop\apps\prestashop\htdocs/modules/\ps_emailalerts\mails\en\new_order.txt [] []
[2021-02-23 15:47:28] app.INFO: Generate html template order_changed at C:\xampp\htdocs\prestashop\apps\prestashop\htdocs/modules/\ps_emailalerts\mails\en\order_changed.html [] []
[2021-02-23 15:47:28] app.INFO: Generate txt template order_changed at C:\xampp\htdocs\prestashop\apps\prestashop\htdocs/modules/\ps_emailalerts\mails\en\order_changed.txt [] []
[2021-02-23 15:47:29] app.INFO: Generate html template productcoverage at C:\xampp\htdocs\prestashop\apps\prestashop\htdocs/modules/\ps_emailalerts\mails\en\productcoverage.html [] []
[2021-02-23 15:47:29] app.INFO: Generate txt template productcoverage at C:\xampp\htdocs\prestashop\apps\prestashop\htdocs/modules/\ps_emailalerts\mails\en\productcoverage.txt [] []
[2021-02-23 15:47:29] app.INFO: Generate html template productoutofstock at C:\xampp\htdocs\prestashop\apps\prestashop\htdocs/modules/\ps_emailalerts\mails\en\productoutofstock.html [] []
[2021-02-23 15:47:29] app.INFO: Generate txt template productoutofstock at C:\xampp\htdocs\prestashop\apps\prestashop\htdocs/modules/\ps_emailalerts\mails\en\productoutofstock.txt [] []
[2021-02-23 15:47:29] app.INFO: Generate html template return_slip at C:\xampp\htdocs\prestashop\apps\prestashop\htdocs/modules/\ps_emailalerts\mails\en\return_slip.html [] []
[2021-02-23 15:47:29] app.INFO: Generate txt template return_slip at C:\xampp\htdocs\prestashop\apps\prestashop\htdocs/modules/\ps_emailalerts\mails\en\return_slip.txt [] []
[2021-02-23 15:47:29] app.INFO: Generate html template newsletter_conf at C:\xampp\htdocs\prestashop\apps\prestashop\htdocs/modules/\ps_emailsubscription\mails\en\newsletter_conf.html [] []
[2021-02-23 15:47:29] app.INFO: Generate txt template newsletter_conf at C:\xampp\htdocs\prestashop\apps\prestashop\htdocs/modules/\ps_emailsubscription\mails\en\newsletter_conf.txt [] []
[2021-02-23 15:47:29] app.INFO: Generate html template newsletter_verif at C:\xampp\htdocs\prestashop\apps\prestashop\htdocs/modules/\ps_emailsubscription\mails\en\newsletter_verif.html [] []
[2021-02-23 15:47:29] app.INFO: Generate txt template newsletter_verif at C:\xampp\htdocs\prestashop\apps\prestashop\htdocs/modules/\ps_emailsubscription\mails\en\newsletter_verif.txt [] []
[2021-02-23 15:47:29] app.INFO: Generate html template newsletter_voucher at C:\xampp\htdocs\prestashop\apps\prestashop\htdocs/modules/\ps_emailsubscription\mails\en\newsletter_voucher.html [] []
[2021-02-23 15:47:29] app.INFO: Generate txt template newsletter_voucher at C:\xampp\htdocs\prestashop\apps\prestashop\htdocs/modules/\ps_emailsubscription\mails\en\newsletter_voucher.txt [] []
[2021-02-23 15:47:29] app.INFO: Generate html template referralprogram-congratulations at C:\xampp\htdocs\prestashop\apps\prestashop\htdocs/modules/\referralprogram\mails\en\referralprogram-congratulations.html [] []
[2021-02-23 15:47:30] app.INFO: Generate txt template referralprogram-congratulations at C:\xampp\htdocs\prestashop\apps\prestashop\htdocs/modules/\referralprogram\mails\en\referralprogram-congratulations.txt [] []
[2021-02-23 15:47:30] app.INFO: Generate html template referralprogram-invitation at C:\xampp\htdocs\prestashop\apps\prestashop\htdocs/modules/\referralprogram\mails\en\referralprogram-invitation.html [] []
[2021-02-23 15:47:30] app.INFO: Generate txt template referralprogram-invitation at C:\xampp\htdocs\prestashop\apps\prestashop\htdocs/modules/\referralprogram\mails\en\referralprogram-invitation.txt [] []
[2021-02-23 15:47:30] app.INFO: Generate html template referralprogram-voucher at C:\xampp\htdocs\prestashop\apps\prestashop\htdocs/modules/\referralprogram\mails\en\referralprogram-voucher.html [] []
[2021-02-23 15:47:30] app.INFO: Generate txt template referralprogram-voucher at C:\xampp\htdocs\prestashop\apps\prestashop\htdocs/modules/\referralprogram\mails\en\referralprogram-voucher.txt [] []
[2021-02-23 15:47:39] app.INFO: Protect vendor folder in module contactform [] []
[2021-02-23 15:47:39] app.INFO: Module contactform has no vendor folder [] []
[2021-02-23 15:47:39] app.INFO: Protect vendor folder in module dashactivity [] []
[2021-02-23 15:47:39] app.INFO: Module dashactivity has no vendor folder [] []
[2021-02-23 15:47:40] app.INFO: Protect vendor folder in module dashgoals [] []
[2021-02-23 15:47:40] app.INFO: Module dashgoals has no vendor folder [] []
[2021-02-23 15:47:40] app.INFO: Protect vendor folder in module dashproducts [] []
[2021-02-23 15:47:40] app.INFO: Module dashproducts has no vendor folder [] []
[2021-02-23 15:47:40] app.INFO: Protect vendor folder in module dashtrends [] []
[2021-02-23 15:47:40] app.INFO: Module dashtrends has no vendor folder [] []
[2021-02-23 15:47:40] app.INFO: Protect vendor folder in module graphnvd3 [] []
[2021-02-23 15:47:40] app.INFO: Module graphnvd3 has no vendor folder [] []
[2021-02-23 15:47:40] app.INFO: Protect vendor folder in module gridhtml [] []
[2021-02-23 15:47:40] app.INFO: Module gridhtml has no vendor folder [] []
[2021-02-23 15:47:41] app.INFO: Protect vendor folder in module gsitemap [] []
[2021-02-23 15:47:41] app.INFO: Module gsitemap has no vendor folder [] []
[2021-02-23 15:47:41] app.INFO: Protect vendor folder in module pagesnotfound [] []
[2021-02-23 15:47:41] app.INFO: Module pagesnotfound has no vendor folder [] []
[2021-02-23 15:47:42] app.INFO: Protect vendor folder in module productcomments [] []
[2021-02-23 15:47:42] app.INFO: Module productcomments has no vendor folder [] []
[2021-02-23 15:47:42] app.INFO: Protect vendor folder in module ps_banner [] []
[2021-02-23 15:47:42] app.INFO: Module ps_banner has no vendor folder [] []
[2021-02-23 15:47:42] app.INFO: Protect vendor folder in module ps_categorytree [] []
[2021-02-23 15:47:42] app.INFO: Module ps_categorytree has no vendor folder [] []
[2021-02-23 15:47:43] app.INFO: Protect vendor folder in module ps_checkpayment [] []
[2021-02-23 15:47:43] app.INFO: Module ps_checkpayment has no vendor folder [] []
[2021-02-23 15:47:43] app.INFO: Protect vendor folder in module ps_contactinfo [] []
[2021-02-23 15:47:43] app.INFO: Module ps_contactinfo has no vendor folder [] []
[2021-02-23 15:47:43] app.INFO: Protect vendor folder in module ps_crossselling [] []
[2021-02-23 15:47:43] app.INFO: Module ps_crossselling has no vendor folder [] []
[2021-02-23 15:47:43] app.INFO: Protect vendor folder in module ps_currencyselector [] []
[2021-02-23 15:47:43] app.INFO: Module ps_currencyselector has no vendor folder [] []
[2021-02-23 15:47:43] app.INFO: Protect vendor folder in module ps_customeraccountlinks [] []
[2021-02-23 15:47:43] app.INFO: Module ps_customeraccountlinks has no vendor folder [] []
[2021-02-23 15:47:43] app.INFO: Protect vendor folder in module ps_customersignin [] []
[2021-02-23 15:47:43] app.INFO: Module ps_customersignin has no vendor folder [] []
[2021-02-23 15:47:44] app.INFO: Protect vendor folder in module ps_customtext [] []
[2021-02-23 15:47:44] app.INFO: Module ps_customtext has no vendor folder [] []
[2021-02-23 15:47:44] app.INFO: Protect vendor folder in module ps_dataprivacy [] []
[2021-02-23 15:47:44] app.INFO: Module ps_dataprivacy has no vendor folder [] []
[2021-02-23 15:47:44] app.INFO: Protect vendor folder in module ps_emailsubscription [] []
[2021-02-23 15:47:44] app.INFO: Module ps_emailsubscription has no vendor folder [] []
[2021-02-23 15:47:46] app.INFO: Protect vendor folder in module ps_facetedsearch [] []
[2021-02-23 15:47:46] app.INFO: Module ps_facetedsearch has no vendor folder [] []
[2021-02-23 15:47:46] app.INFO: Protect vendor folder in module ps_faviconnotificationbo [] []
[2021-02-23 15:47:46] app.INFO: Module ps_faviconnotificationbo has no vendor folder [] []
[2021-02-23 15:47:47] app.INFO: Protect vendor folder in module ps_featuredproducts [] []
[2021-02-23 15:47:47] app.INFO: Module ps_featuredproducts has no vendor folder [] []
[2021-02-23 15:47:47] app.INFO: Protect vendor folder in module ps_imageslider [] []
[2021-02-23 15:47:47] app.INFO: Module ps_imageslider has no vendor folder [] []
[2021-02-23 15:47:47] app.INFO: Protect vendor folder in module ps_languageselector [] []
[2021-02-23 15:47:47] app.INFO: Module ps_languageselector has no vendor folder [] []
[2021-02-23 15:47:48] app.INFO: Protect vendor folder in module ps_linklist [] []
[2021-02-23 15:47:48] app.INFO: Module ps_linklist has no vendor folder [] []
[2021-02-23 15:47:48] app.ERROR: Cannot register tab "AdminLinkWidget" because it already exists [] []
[2021-02-23 15:47:49] app.INFO: Protect vendor folder in module ps_mainmenu [] []
[2021-02-23 15:47:49] app.INFO: Module ps_mainmenu has no vendor folder [] []
[2021-02-23 15:47:49] app.INFO: Protect vendor folder in module ps_searchbar [] []
[2021-02-23 15:47:49] app.INFO: Module ps_searchbar has no vendor folder [] []
[2021-02-23 15:47:49] app.INFO: Protect vendor folder in module ps_sharebuttons [] []
[2021-02-23 15:47:49] app.INFO: Module ps_sharebuttons has no vendor folder [] []
[2021-02-23 15:47:49] app.INFO: Protect vendor folder in module ps_shoppingcart [] []
[2021-02-23 15:47:49] app.INFO: Module ps_shoppingcart has no vendor folder [] []
[2021-02-23 15:47:49] app.INFO: Protect vendor folder in module ps_socialfollow [] []
[2021-02-23 15:47:49] app.INFO: Module ps_socialfollow has no vendor folder [] []
[2021-02-23 15:47:49] app.INFO: Protect vendor folder in module ps_themecusto [] []
[2021-02-23 15:47:49] app.INFO: Module ps_themecusto has no vendor folder [] []
[2021-02-23 15:47:50] app.INFO: Protect vendor folder in module ps_wirepayment [] []
[2021-02-23 15:47:50] app.INFO: Module ps_wirepayment has no vendor folder [] []
[2021-02-23 15:47:50] app.INFO: Protect vendor folder in module sekeywords [] []
[2021-02-23 15:47:50] app.INFO: Module sekeywords has no vendor folder [] []
[2021-02-23 15:47:50] app.INFO: Protect vendor folder in module statsbestcategories [] []
[2021-02-23 15:47:50] app.INFO: Module statsbestcategories has no vendor folder [] []
[2021-02-23 15:47:50] app.INFO: Protect vendor folder in module statsbestcustomers [] []
[2021-02-23 15:47:50] app.INFO: Module statsbestcustomers has no vendor folder [] []
[2021-02-23 15:47:50] app.INFO: Protect vendor folder in module statsbestproducts [] []
[2021-02-23 15:47:50] app.INFO: Module statsbestproducts has no vendor folder [] []
[2021-02-23 15:47:50] app.INFO: Protect vendor folder in module statsbestsuppliers [] []
[2021-02-23 15:47:50] app.INFO: Module statsbestsuppliers has no vendor folder [] []
[2021-02-23 15:47:50] app.INFO: Protect vendor folder in module statsbestvouchers [] []
[2021-02-23 15:47:50] app.INFO: Module statsbestvouchers has no vendor folder [] []
[2021-02-23 15:47:51] app.INFO: Protect vendor folder in module statscarrier [] []
[2021-02-23 15:47:51] app.INFO: Module statscarrier has no vendor folder [] []
[2021-02-23 15:47:51] app.INFO: Protect vendor folder in module statscatalog [] []
[2021-02-23 15:47:51] app.INFO: Module statscatalog has no vendor folder [] []
[2021-02-23 15:47:51] app.INFO: Protect vendor folder in module statscheckup [] []
[2021-02-23 15:47:51] app.INFO: Module statscheckup has no vendor folder [] []
[2021-02-23 15:47:51] app.INFO: Protect vendor folder in module statsdata [] []
[2021-02-23 15:47:51] app.INFO: Module statsdata has no vendor folder [] []
[2021-02-23 15:47:51] app.INFO: Protect vendor folder in module statsequipment [] []
[2021-02-23 15:47:51] app.INFO: Module statsequipment has no vendor folder [] []
[2021-02-23 15:47:51] app.INFO: Protect vendor folder in module statsforecast [] []
[2021-02-23 15:47:51] app.INFO: Module statsforecast has no vendor folder [] []
[2021-02-23 15:47:51] app.INFO: Protect vendor folder in module statslive [] []
[2021-02-23 15:47:51] app.INFO: Module statslive has no vendor folder [] []
[2021-02-23 15:47:51] app.INFO: Protect vendor folder in module statsnewsletter [] []
[2021-02-23 15:47:52] app.INFO: Module statsnewsletter has no vendor folder [] []
[2021-02-23 15:47:52] app.INFO: Protect vendor folder in module statsorigin [] []
[2021-02-23 15:47:52] app.INFO: Module statsorigin has no vendor folder [] []
[2021-02-23 15:47:52] app.INFO: Protect vendor folder in module statspersonalinfos [] []
[2021-02-23 15:47:52] app.INFO: Module statspersonalinfos has no vendor folder [] []
[2021-02-23 15:47:52] app.INFO: Protect vendor folder in module statsproduct [] []
[2021-02-23 15:47:52] app.INFO: Module statsproduct has no vendor folder [] []
[2021-02-23 15:47:52] app.INFO: Protect vendor folder in module statsregistrations [] []
[2021-02-23 15:47:52] app.INFO: Module statsregistrations has no vendor folder [] []
[2021-02-23 15:47:52] app.INFO: Protect vendor folder in module statssales [] []
[2021-02-23 15:47:52] app.INFO: Module statssales has no vendor folder [] []
[2021-02-23 15:47:52] app.INFO: Protect vendor folder in module statssearch [] []
[2021-02-23 15:47:52] app.INFO: Module statssearch has no vendor folder [] []
[2021-02-23 15:47:52] app.INFO: Protect vendor folder in module statsstock [] []
[2021-02-23 15:47:52] app.INFO: Module statsstock has no vendor folder [] []
[2021-02-23 15:47:53] app.INFO: Protect vendor folder in module statsvisits [] []
[2021-02-23 15:47:53] app.INFO: Module statsvisits has no vendor folder [] []
[2021-02-23 15:47:53] app.INFO: Protect vendor folder in module welcome [] []
[2021-02-23 15:47:53] app.INFO: Module welcome has no vendor folder [] []
[2021-02-23 15:47:57] app.INFO: Exporting mail with theme modern for language English (English) [] []
[2021-02-23 15:47:57] app.INFO: Core output folder: C:\xampp\htdocs\prestashop\apps\prestashop\htdocs/mails [] []
[2021-02-23 15:47:57] app.INFO: Modules output folder: C:\xampp\htdocs\prestashop\apps\prestashop\htdocs/modules/ [] []
[2021-02-23 15:48:45] app.INFO: Protect vendor folder in module gamification [] []
[2021-02-23 15:48:45] app.INFO: Protect vendor folder in module psaddonsconnect [] []
[2021-02-23 15:48:46] app.INFO: Protect vendor folder in module psgdpr [] []
[2021-02-23 15:48:46] app.INFO: Protect vendor folder in module ps_mbo [] []
[2021-02-23 15:48:47] app.INFO: Protect vendor folder in module ps_buybuttonlite [] []
[2021-02-23 15:48:50] app.INFO: Exporting mail with theme modern for language English (English) [] []
[2021-02-23 15:48:50] app.INFO: Core output folder: C:\xampp\htdocs\prestashop\apps\prestashop\htdocs/mails [] []
[2021-02-23 15:48:50] app.INFO: Modules output folder: C:\xampp\htdocs\prestashop\apps\prestashop\htdocs/modules/ [] []
[2021-02-23 15:48:50] app.INFO: Protect vendor folder in module blockreassurance [] []
[2021-02-23 15:48:50] app.INFO: Module blockreassurance has no vendor folder [] []
[2021-02-23 15:49:35] app.INFO: Protect vendor folder in module ps_facetedsearch [] []
[2021-02-23 15:49:35] app.INFO: Module ps_facetedsearch has no vendor folder [] []
[2021-02-26 07:59:31] request.CRITICAL: Uncaught PHP Exception InvalidArgumentException: "The "C:\xampp\htdocs\prestashop\apps\prestashop\htdocs/var/cache/prod\sandbox//themeforest-25030305-bolo-onepage-creative-website-template/" directory does not exist." at C:\xampp\htdocs\prestashop\apps\prestashop\htdocs\vendor\symfony\symfony\src\Symfony\Component\Finder\Finder.php line 548 {"exception":"[object] (InvalidArgumentException(code: 0): The \"C:\\xampp\\htdocs\\prestashop\\apps\\prestashop\\htdocs/var/cache/prod\\sandbox//themeforest-25030305-bolo-onepage-creative-website-template/\" directory does not exist. at C:\\xampp\\htdocs\\prestashop\\apps\\prestashop\\htdocs\\vendor\\symfony\\symfony\\src\\Symfony\\Component\\Finder\\Finder.php:548)"} []
[2021-02-26 08:10:19] request.INFO: Matched route "admin_module_configure_action". {"route":"admin_module_configure_action","route_parameters":{"_controller":"PrestaShopBundle\\Controller\\Admin\\Improve\\ModuleController::configureModuleAction","_legacy_controller":"AdminModules","module_name":"pesapal","_route":"admin_module_configure_action"},"request_uri":"http://172.16.58.167:81/prestashop/administration/index.php/improve/modules/manage/action/configure/pesapal?_token=bN7xvw7vjW-sLgRNoPgNnbN3iySYnSODX34QcMJn2xo","method":"GET"} []
[2021-02-26 08:10:19] security.DEBUG: Read existing security token from the session. {"key":"_security_main","token_class":"Symfony\\Component\\Security\\Core\\Authentication\\Token\\UsernamePasswordToken"} []
[2021-02-26 08:10:19] security.DEBUG: User was reloaded from a user provider. {"provider":"PrestaShopBundle\\Security\\Admin\\EmployeeProvider","username":"writerrabbi0@gmail.com"} []
[2021-02-26 08:10:24] app.ERROR: Data from PrestaShop Addons is invalid, and cannot fallback on cache.  {"exception":"cURL error 28: Operation timed out after 5008 milliseconds with 146692 bytes received"} []
[2021-02-26 08:10:25] security.DEBUG: Stored the security token in the session. {"key":"_security_main"} []
